<?xml version="1.0" encoding="UTF-8"?>
<!-- Generated by org.testng.reporters.JUnitXMLReporter -->
<testsuite ignored="0" hostname="Vijay" failures="2" tests="6" name="Surefire test" time="13.584" errors="0" timestamp="2024-05-06T21:23:07 IST">
  <testcase classname="api_test.DDTests" name="testPostUser" time="3.413">
    <failure type="org.testng.internal.reflect.MethodMatcherException" message="
[public void api_test.DDTests.testPostUser(java.lang.String,java.lang.String,java.lang.String,java.lang.String,java.lang.String,java.lang.String,java.lang.String)] has no parameters defined but was found to be using a data provider (either explicitly specified or inherited from class level annotation).
Data provider mismatch
Method: testPostUser([java.lang.String arg0, java.lang.String arg1, java.lang.String arg2, java.lang.String arg3, java.lang.String arg4, java.lang.String arg5, java.lang.String arg6])
Arguments: [(java.lang.String) 1432,(java.lang.String) wolfuser1,(java.lang.String) craig]">
      <![CDATA[org.testng.internal.reflect.MethodMatcherException: 
[public void api_test.DDTests.testPostUser(java.lang.String,java.lang.String,java.lang.String,java.lang.String,java.lang.String,java.lang.String,java.lang.String)] has no parameters defined but was found to be using a data provider (either explicitly specified or inherited from class level annotation).
Data provider mismatch
Method: testPostUser([java.lang.String arg0, java.lang.String arg1, java.lang.String arg2, java.lang.String arg3, java.lang.String arg4, java.lang.String arg5, java.lang.String arg6])
Arguments: [(java.lang.String) 1432,(java.lang.String) wolfuser1,(java.lang.String) craig]
at java.base/java.util.ArrayList.forEach(ArrayList.java:1511)
... Removed 27 stack frames]]>
    </failure>
  </testcase> <!-- testPostUser -->
  <testcase classname="api_test.DDTests" name="testDeleteUserByName" time="0.0">
    <failure type="java.lang.RuntimeException" message="java.io.FileNotFoundException: C:\Users\vijay\eclipse-workspace\Petstore\testData\body.xlsx (The system cannot find the file specified)">
      <![CDATA[java.lang.RuntimeException: java.io.FileNotFoundException: C:\Users\vijay\eclipse-workspace\Petstore\testData\body.xlsx (The system cannot find the file specified)
at java.base/java.util.ArrayList.forEach(ArrayList.java:1511)
Caused by: java.io.FileNotFoundException: C:\Users\vijay\eclipse-workspace\Petstore\testData\body.xlsx (The system cannot find the file specified)
at java.base/java.io.FileInputStream.open0(Native Method)
at java.base/java.io.FileInputStream.open(FileInputStream.java:216)
at java.base/java.io.FileInputStream.<init>(FileInputStream.java:157)
at java.base/java.io.FileInputStream.<init>(FileInputStream.java:111)
at api_utilities.XLUtility.getRowCount(XLUtility.java:29)
at api_utilities.DataProviders.getUserNames(DataProviders.java:34)
... 30 more
... Removed 37 stack frames]]>
    </failure>
  </testcase> <!-- testDeleteUserByName -->
  <testcase classname="api_test.userTest" name="testPostUser" time="4.853"/>
  <testcase classname="api_test.userTest" name="testGetUserByName" time="1.191"/>
  <testcase classname="api_test.userTest" name="testUpdateUserByName" time="2.294"/>
  <testcase classname="api_test.userTest" name="testDeleteUserByName" time="1.132"/>
</testsuite> <!-- Surefire test -->
