<?xml version="1.0" encoding="UTF-8"?>
<testng-results ignored="0" total="4" passed="4" failed="0" skipped="0">
  <reporter-output>
  </reporter-output>
  <suite started-at="2024-05-06T22:21:38 IST" name="PetSuite" finished-at="2024-05-06T22:22:15 IST" duration-ms="37236">
    <groups>
    </groups>
    <test started-at="2024-05-06T22:21:38 IST" name="PetTests" finished-at="2024-05-06T22:22:15 IST" duration-ms="37236">
      <class name="api_test.userTestWithPropertiesFile">
        <test-method is-config="true" signature="setup()[pri:0, instance:api_test.userTestWithPropertiesFile@448c8166]" started-at="2024-05-06T22:21:38 IST" name="setup" finished-at="2024-05-06T22:21:40 IST" duration-ms="1656" status="PASS">
          <reporter-output>
          </reporter-output>
        </test-method> <!-- setup -->
        <test-method signature="testPostUser()[pri:1, instance:api_test.userTestWithPropertiesFile@448c8166]" started-at="2024-05-06T22:21:40 IST" name="testPostUser" finished-at="2024-05-06T22:21:46 IST" duration-ms="6410" status="PASS">
          <reporter-output>
          </reporter-output>
        </test-method> <!-- testPostUser -->
        <test-method signature="testGetUserByName()[pri:2, instance:api_test.userTestWithPropertiesFile@448c8166]" started-at="2024-05-06T22:21:46 IST" name="testGetUserByName" finished-at="2024-05-06T22:21:49 IST" duration-ms="3127" status="PASS">
          <reporter-output>
          </reporter-output>
        </test-method> <!-- testGetUserByName -->
        <test-method signature="testUpdateUserByName()[pri:3, instance:api_test.userTestWithPropertiesFile@448c8166]" started-at="2024-05-06T22:21:49 IST" name="testUpdateUserByName" finished-at="2024-05-06T22:22:07 IST" duration-ms="18040" status="PASS">
          <reporter-output>
          </reporter-output>
        </test-method> <!-- testUpdateUserByName -->
        <test-method signature="testDeleteUserByName()[pri:4, instance:api_test.userTestWithPropertiesFile@448c8166]" started-at="2024-05-06T22:22:07 IST" name="testDeleteUserByName" finished-at="2024-05-06T22:22:15 IST" duration-ms="7910" status="PASS">
          <reporter-output>
          </reporter-output>
        </test-method> <!-- testDeleteUserByName -->
      </class> <!-- api_test.userTestWithPropertiesFile -->
    </test> <!-- PetTests -->
  </suite> <!-- PetSuite -->
</testng-results>
