<?xml version="1.0" encoding="UTF-8"?>
<testng-results ignored="0" total="4" passed="4" failed="0" skipped="0">
  <reporter-output>
  </reporter-output>
  <suite started-at="2024-05-06T20:49:15 IST" name="PetSuite" finished-at="2024-05-06T20:49:27 IST" duration-ms="11687">
    <groups>
    </groups>
    <test started-at="2024-05-06T20:49:15 IST" name="PetTests" finished-at="2024-05-06T20:49:27 IST" duration-ms="11687">
      <class name="api_test.userTestWithPropertiesFile">
        <test-method is-config="true" signature="setup()[pri:0, instance:api_test.userTestWithPropertiesFile@20bd8be5]" started-at="2024-05-06T20:49:15 IST" name="setup" finished-at="2024-05-06T20:49:17 IST" duration-ms="2042" status="PASS">
          <reporter-output>
          </reporter-output>
        </test-method> <!-- setup -->
        <test-method signature="testPostUser()[pri:1, instance:api_test.userTestWithPropertiesFile@20bd8be5]" started-at="2024-05-06T20:49:17 IST" name="testPostUser" finished-at="2024-05-06T20:49:22 IST" duration-ms="4559" status="PASS">
          <reporter-output>
          </reporter-output>
        </test-method> <!-- testPostUser -->
        <test-method signature="testGetUserByName()[pri:2, instance:api_test.userTestWithPropertiesFile@20bd8be5]" started-at="2024-05-06T20:49:22 IST" name="testGetUserByName" finished-at="2024-05-06T20:49:23 IST" duration-ms="1210" status="PASS">
          <reporter-output>
          </reporter-output>
        </test-method> <!-- testGetUserByName -->
        <test-method signature="testUpdateUserByName()[pri:3, instance:api_test.userTestWithPropertiesFile@20bd8be5]" started-at="2024-05-06T20:49:23 IST" name="testUpdateUserByName" finished-at="2024-05-06T20:49:25 IST" duration-ms="2463" status="PASS">
          <reporter-output>
          </reporter-output>
        </test-method> <!-- testUpdateUserByName -->
        <test-method signature="testDeleteUserByName()[pri:4, instance:api_test.userTestWithPropertiesFile@20bd8be5]" started-at="2024-05-06T20:49:25 IST" name="testDeleteUserByName" finished-at="2024-05-06T20:49:27 IST" duration-ms="1324" status="PASS">
          <reporter-output>
          </reporter-output>
        </test-method> <!-- testDeleteUserByName -->
      </class> <!-- api_test.userTestWithPropertiesFile -->
    </test> <!-- PetTests -->
  </suite> <!-- PetSuite -->
</testng-results>
