<?xml version="1.0" encoding="UTF-8"?>
<!-- Generated by org.testng.reporters.JUnitXMLReporter -->
<testsuite ignored="0" hostname="Vijay" failures="0" tests="4" name="PetTests" time="37.236" errors="0" timestamp="2024-05-06T22:22:15 IST">
  <testcase classname="api_test.userTestWithPropertiesFile" name="testPostUser" time="6.41"/>
  <testcase classname="api_test.userTestWithPropertiesFile" name="testGetUserByName" time="3.127"/>
  <testcase classname="api_test.userTestWithPropertiesFile" name="testUpdateUserByName" time="18.04"/>
  <testcase classname="api_test.userTestWithPropertiesFile" name="testDeleteUserByName" time="7.91"/>
</testsuite> <!-- PetTests -->
