<?xml version="1.0" encoding="UTF-8"?>
<!-- Generated by org.testng.reporters.JUnitXMLReporter -->
<testsuite ignored="0" hostname="Vijay" failures="0" tests="4" name="PetTests" time="11.687" errors="0" timestamp="2024-05-06T20:49:27 IST">
  <testcase classname="api_test.userTestWithPropertiesFile" name="testPostUser" time="4.559"/>
  <testcase classname="api_test.userTestWithPropertiesFile" name="testGetUserByName" time="1.21"/>
  <testcase classname="api_test.userTestWithPropertiesFile" name="testUpdateUserByName" time="2.463"/>
  <testcase classname="api_test.userTestWithPropertiesFile" name="testDeleteUserByName" time="1.324"/>
</testsuite> <!-- PetTests -->
